<?xml version="1.0" encoding="UTF-8" ?>
<testsuite tests="2" failures="0" name="de.axelspringer.ideas.flipdots.magic.FlipdotsTest" time="0.015" errors="0" skipped="0">
  <properties>
    <property name="java.runtime.name" value="Java(TM) SE Runtime Environment"/>
    <property name="sun.boot.library.path" value="/Library/Java/JavaVirtualMachines/jdk1.8.0_112.jdk/Contents/Home/jre/lib"/>
    <property name="java.vm.version" value="25.112-b16"/>
    <property name="user.country.format" value="DE"/>
    <property name="gopherProxySet" value="false"/>
    <property name="java.vm.vendor" value="Oracle Corporation"/>
    <property name="maven.multiModuleProjectDirectory" value="/Users/swaschni/Projekte/ideas-flipdots/app"/>
    <property name="java.vendor.url" value="http://java.oracle.com/"/>
    <property name="path.separator" value=":"/>
    <property name="guice.disable.misplaced.annotation.check" value="true"/>
    <property name="java.vm.name" value="Java HotSpot(TM) 64-Bit Server VM"/>
    <property name="file.encoding.pkg" value="sun.io"/>
    <property name="user.country" value="US"/>
    <property name="sun.java.launcher" value="SUN_STANDARD"/>
    <property name="sun.os.patch.level" value="unknown"/>
    <property name="java.vm.specification.name" value="Java Virtual Machine Specification"/>
    <property name="user.dir" value="/Users/swaschni/Projekte/ideas-flipdots/app"/>
    <property name="java.runtime.version" value="1.8.0_112-b16"/>
    <property name="java.awt.graphicsenv" value="sun.awt.CGraphicsEnvironment"/>
    <property name="java.endorsed.dirs" value="/Library/Java/JavaVirtualMachines/jdk1.8.0_112.jdk/Contents/Home/jre/lib/endorsed"/>
    <property name="os.arch" value="x86_64"/>
    <property name="java.io.tmpdir" value="/var/folders/46/10bkw1156gs89ms0lwm_902whr41fb/T/"/>
    <property name="line.separator" value="
"/>
    <property name="java.vm.specification.vendor" value="Oracle Corporation"/>
    <property name="os.name" value="Mac OS X"/>
    <property name="classworlds.conf" value="/usr/local/Cellar/maven/3.3.9/libexec/bin/m2.conf"/>
    <property name="sun.jnu.encoding" value="UTF-8"/>
    <property name="java.library.path" value="/Users/swaschni/Library/Java/Extensions:/Library/Java/Extensions:/Network/Library/Java/Extensions:/System/Library/Java/Extensions:/usr/lib/java:."/>
    <property name="java.specification.name" value="Java Platform API Specification"/>
    <property name="java.class.version" value="52.0"/>
    <property name="sun.management.compiler" value="HotSpot 64-Bit Tiered Compilers"/>
    <property name="os.version" value="10.11.6"/>
    <property name="http.nonProxyHosts" value="local|*.local|asv|*.asv|asvag.com|*.asvag.com|10/8|*.10/8|192.168/16|*.192.168/16|172.16/12|*.172.16/12|145.243/16|*.145.243/16|marc-b.axelspringer.de|*.marc-b.axelspringer.de|www.ullsteinbild.de|*.www.ullsteinbild.de|marc-hh.axelspringer.de|*.marc-hh.axelspringer.de|169.254/16|*.169.254/16|cobildcmscm1|*.cobildcmscm1|cmbildde|*.cmbildde|10.20.150.34|adjustio|*.adjustio|zgbdc|*.zgbdc|zghdc|*.zghdc|escenic-musik|*.escenic-musik|escenic-musik.asv.local|*.escenic-musik.asv.local|escenic-uat|*.escenic-uat|escenic-uat.asv.local|*.escenic-uat.asv.local|escenic-dev|*.escenic-dev|escenic-dev.asv.local|*.escenic-dev.asv.local|escenic.asv.local|*.escenic.asv.local|escenic|*.escenic|10.20.15.232|digasb|*.digasb|digas|*.digas|digasqs2|*.digasqs2|digasred|*.digasred|10.10.56.56|10.201.28.116|cmbildde|*.cmbildde|cobildcmscm1|*.cobildcmscm1|bto-visono|*.bto-visono|beamer|*.beamer|s.axelspringer.de|*.s.axelspringer.de"/>
    <property name="user.home" value="/Users/swaschni"/>
    <property name="user.timezone" value="Europe/Berlin"/>
    <property name="java.awt.printerjob" value="sun.lwawt.macosx.CPrinterJob"/>
    <property name="java.specification.version" value="1.8"/>
    <property name="file.encoding" value="UTF-8"/>
    <property name="user.name" value="swaschni"/>
    <property name="java.class.path" value="/usr/local/Cellar/maven/3.3.9/libexec/boot/plexus-classworlds-2.5.2.jar"/>
    <property name="java.vm.specification.version" value="1.8"/>
    <property name="sun.arch.data.model" value="64"/>
    <property name="java.home" value="/Library/Java/JavaVirtualMachines/jdk1.8.0_112.jdk/Contents/Home/jre"/>
    <property name="sun.java.command" value="org.codehaus.plexus.classworlds.launcher.Launcher clean install"/>
    <property name="java.specification.vendor" value="Oracle Corporation"/>
    <property name="user.language" value="en"/>
    <property name="awt.toolkit" value="sun.lwawt.macosx.LWCToolkit"/>
    <property name="java.vm.info" value="mixed mode"/>
    <property name="java.version" value="1.8.0_112"/>
    <property name="java.ext.dirs" value="/Users/swaschni/Library/Java/Extensions:/Library/Java/JavaVirtualMachines/jdk1.8.0_112.jdk/Contents/Home/jre/lib/ext:/Library/Java/Extensions:/Network/Library/Java/Extensions:/System/Library/Java/Extensions:/usr/lib/java"/>
    <property name="sun.boot.class.path" value="/Library/Java/JavaVirtualMachines/jdk1.8.0_112.jdk/Contents/Home/jre/lib/resources.jar:/Library/Java/JavaVirtualMachines/jdk1.8.0_112.jdk/Contents/Home/jre/lib/rt.jar:/Library/Java/JavaVirtualMachines/jdk1.8.0_112.jdk/Contents/Home/jre/lib/sunrsasign.jar:/Library/Java/JavaVirtualMachines/jdk1.8.0_112.jdk/Contents/Home/jre/lib/jsse.jar:/Library/Java/JavaVirtualMachines/jdk1.8.0_112.jdk/Contents/Home/jre/lib/jce.jar:/Library/Java/JavaVirtualMachines/jdk1.8.0_112.jdk/Contents/Home/jre/lib/charsets.jar:/Library/Java/JavaVirtualMachines/jdk1.8.0_112.jdk/Contents/Home/jre/lib/jfr.jar:/Library/Java/JavaVirtualMachines/jdk1.8.0_112.jdk/Contents/Home/jre/classes"/>
    <property name="java.vendor" value="Oracle Corporation"/>
    <property name="maven.home" value="/usr/local/Cellar/maven/3.3.9/libexec"/>
    <property name="file.separator" value="/"/>
    <property name="java.vendor.url.bug" value="http://bugreport.sun.com/bugreport/"/>
    <property name="sun.cpu.endian" value="little"/>
    <property name="sun.io.unicode.encoding" value="UnicodeBig"/>
    <property name="socksNonProxyHosts" value="local|*.local|asv|*.asv|asvag.com|*.asvag.com|10/8|*.10/8|192.168/16|*.192.168/16|172.16/12|*.172.16/12|145.243/16|*.145.243/16|marc-b.axelspringer.de|*.marc-b.axelspringer.de|www.ullsteinbild.de|*.www.ullsteinbild.de|marc-hh.axelspringer.de|*.marc-hh.axelspringer.de|169.254/16|*.169.254/16|cobildcmscm1|*.cobildcmscm1|cmbildde|*.cmbildde|10.20.150.34|adjustio|*.adjustio|zgbdc|*.zgbdc|zghdc|*.zghdc|escenic-musik|*.escenic-musik|escenic-musik.asv.local|*.escenic-musik.asv.local|escenic-uat|*.escenic-uat|escenic-uat.asv.local|*.escenic-uat.asv.local|escenic-dev|*.escenic-dev|escenic-dev.asv.local|*.escenic-dev.asv.local|escenic.asv.local|*.escenic.asv.local|escenic|*.escenic|10.20.15.232|digasb|*.digasb|digas|*.digas|digasqs2|*.digasqs2|digasred|*.digasred|10.10.56.56|10.201.28.116|cmbildde|*.cmbildde|cobildcmscm1|*.cobildcmscm1|bto-visono|*.bto-visono|beamer|*.beamer|s.axelspringer.de|*.s.axelspringer.de"/>
    <property name="ftp.nonProxyHosts" value="local|*.local|asv|*.asv|asvag.com|*.asvag.com|10/8|*.10/8|192.168/16|*.192.168/16|172.16/12|*.172.16/12|145.243/16|*.145.243/16|marc-b.axelspringer.de|*.marc-b.axelspringer.de|www.ullsteinbild.de|*.www.ullsteinbild.de|marc-hh.axelspringer.de|*.marc-hh.axelspringer.de|169.254/16|*.169.254/16|cobildcmscm1|*.cobildcmscm1|cmbildde|*.cmbildde|10.20.150.34|adjustio|*.adjustio|zgbdc|*.zgbdc|zghdc|*.zghdc|escenic-musik|*.escenic-musik|escenic-musik.asv.local|*.escenic-musik.asv.local|escenic-uat|*.escenic-uat|escenic-uat.asv.local|*.escenic-uat.asv.local|escenic-dev|*.escenic-dev|escenic-dev.asv.local|*.escenic-dev.asv.local|escenic.asv.local|*.escenic.asv.local|escenic|*.escenic|10.20.15.232|digasb|*.digasb|digas|*.digas|digasqs2|*.digasqs2|digasred|*.digasred|10.10.56.56|10.201.28.116|cmbildde|*.cmbildde|cobildcmscm1|*.cobildcmscm1|bto-visono|*.bto-visono|beamer|*.beamer|s.axelspringer.de|*.s.axelspringer.de"/>
    <property name="sun.cpu.isalist" value=""/>
  </properties>
  <testcase classname="de.axelspringer.ideas.flipdots.magic.FlipdotsTest" name="name" time="0.006"/>
  <testcase classname="de.axelspringer.ideas.flipdots.magic.FlipdotsTest" name="listSerialPorts" time="0.009"/>
</testsuite>